<?xml version="1.0" encoding="UTF-8"?>
<testsuite hostname="PC335187" name="automationFramework.MultiBrowser" tests="1" failures="0" timestamp="9 Nov 2017 14:17:32 GMT" time="49.972" errors="0">
  <testcase name="@BeforeClass beforeTest" time="0.0" classname="automationFramework.MultiBrowser">
    <failure type="org.openqa.selenium.WebDriverException" message="Failed to connect to binary FirefoxBinary(C:\Program Files\Mozilla Firefox\firefox.exe) on port 7055; process output follows: 
ovider: &amp;lt;unnamed-provider&amp;gt;
1510237045329	addons.manager	DEBUG	Registering shutdown blocker for &amp;lt;unnamed-provider&amp;gt;
1510237045329	addons.manager	DEBUG	Provider finished startup: &amp;lt;unnamed-provider&amp;gt;
1510237045334	addons.xpi	INFO	Mapping fxdriver@googlecode.com to C:\Users\616181\AppData\Local\Temp\anonymous7144135827008027315webdriver-profile\extensions\fxdriver@googlecode.com
1510237045334	addons.xpi	DEBUG	Ignoring file entry whose name is not a valid add-on ID: C:\Users\616181\AppData\Local\Temp\anonymous7144135827008027315webdriver-profile\extensions\webdriver-staging
1510237045334	addons.xpi	DEBUG	Existing add-on fxdriver@googlecode.com in app-profile
1510237045342	addons.xpi	INFO	Mapping activity-stream@mozilla.org to C:\Program Files\Mozilla Firefox\browser\features\activity-stream@mozilla.org.xpi
1510237045343	addons.xpi	INFO	Mapping aushelper@mozilla.org to C:\Program Files\Mozilla Firefox\browser\features\aushelper@mozilla.org.xpi
1510237045343	addons.xpi	INFO	Mapping clicktoplay-rollout@mozilla.org to C:\Program Files\Mozilla Firefox\browser\features\clicktoplay-rollout@mozilla.org.xpi
1510237045343	addons.xpi	INFO	Mapping e10srollout@mozilla.org to C:\Program Files\Mozilla Firefox\browser\features\e10srollout@mozilla.org.xpi
1510237045343	addons.xpi	INFO	Mapping firefox@getpocket.com to C:\Program Files\Mozilla Firefox\browser\features\firefox@getpocket.com.xpi
1510237045344	addons.xpi	INFO	Mapping followonsearch@mozilla.com to C:\Program Files\Mozilla Firefox\browser\features\followonsearch@mozilla.com.xpi
1510237045344	addons.xpi	INFO	Mapping formautofill@mozilla.org to C:\Program Files\Mozilla Firefox\browser\features\formautofill@mozilla.org.xpi
1510237045344	addons.xpi	INFO	Mapping onboarding@mozilla.org to C:\Program Files\Mozilla Firefox\browser\features\onboarding@mozilla.org.xpi
1510237045345	addons.xpi	INFO	Mapping screenshots@mozilla.org to C:\Program Files\Mozilla Firefox\browser\features\screenshots@mozilla.org.xpi
1510237045345	addons.xpi	INFO	Mapping shield-recipe-client@mozilla.org to C:\Program Files\Mozilla Firefox\browser\features\shield-recipe-client@mozilla.org.xpi
1510237045345	addons.xpi	INFO	Mapping webcompat@mozilla.org to C:\Program Files\Mozilla Firefox\browser\features\webcompat@mozilla.org.xpi
1510237045346	addons.xpi	DEBUG	Existing add-on activity-stream@mozilla.org in app-system-defaults
1510237045347	addons.xpi	DEBUG	Existing add-on aushelper@mozilla.org in app-system-defaults
1510237045348	addons.xpi	DEBUG	Existing add-on clicktoplay-rollout@mozilla.org in app-system-defaults
1510237045348	addons.xpi	DEBUG	Existing add-on e10srollout@mozilla.org in app-system-defaults
1510237045349	addons.xpi	DEBUG	Existing add-on firefox@getpocket.com in app-system-defaults
1510237045349	addons.xpi	DEBUG	Existing add-on followonsearch@mozilla.com in app-system-defaults
1510237045350	addons.xpi	DEBUG	Existing add-on formautofill@mozilla.org in app-system-defaults
1510237045350	addons.xpi	DEBUG	Existing add-on onboarding@mozilla.org in app-system-defaults
1510237045351	addons.xpi	DEBUG	Existing add-on screenshots@mozilla.org in app-system-defaults
1510237045351	addons.xpi	DEBUG	Existing add-on shield-recipe-client@mozilla.org in app-system-defaults
1510237045352	addons.xpi	DEBUG	Existing add-on webcompat@mozilla.org in app-system-defaults
1510237045367	addons.xpi	INFO	Mapping {972ce4c6-7e08-4474-a285-3208198ce6fd} to C:\Program Files\Mozilla Firefox\browser\extensions\{972ce4c6-7e08-4474-a285-3208198ce6fd}.xpi
1510237045368	addons.xpi	DEBUG	Existing add-on {972ce4c6-7e08-4474-a285-3208198ce6fd} in app-global
1510237045368	addons.xpi	DEBUG	getInstallState changed: false, state: {}
1510237046706	addons.productaddons	INFO	Completed downloading document
1510237048814	addons.productaddons	INFO	downloadXHR File download. status=200
1510237048823	addons.productaddons	INFO	Downloaded file will be saved to C:\Users\616181\AppData\Local\Temp\tmpaddon
1510237048854	DeferredSave.webext.sc.lz4	DEBUG	Starting write
1510237048879	DeferredSave.webext.sc.lz4	DEBUG	Write succeeded

Build info: version: &amp;apos;2.47.1&amp;apos;, revision: &amp;apos;unknown&amp;apos;, time: &amp;apos;2015-07-30 11:02:44&amp;apos;
System info: host: &amp;apos;PC335187&amp;apos;, ip: &amp;apos;10.150.237.244&amp;apos;, os.name: &amp;apos;Windows 10&amp;apos;, os.arch: &amp;apos;amd64&amp;apos;, os.version: &amp;apos;10.0&amp;apos;, java.version: &amp;apos;1.8.0_141&amp;apos;
Driver info: driver.version: FirefoxDriver">
      <![CDATA[org.openqa.selenium.WebDriverException: Failed to connect to binary FirefoxBinary(C:\Program Files\Mozilla Firefox\firefox.exe) on port 7055; process output follows: 
ovider: <unnamed-provider>
1510237045329	addons.manager	DEBUG	Registering shutdown blocker for <unnamed-provider>
1510237045329	addons.manager	DEBUG	Provider finished startup: <unnamed-provider>
1510237045334	addons.xpi	INFO	Mapping fxdriver@googlecode.com to C:\Users\616181\AppData\Local\Temp\anonymous7144135827008027315webdriver-profile\extensions\fxdriver@googlecode.com
1510237045334	addons.xpi	DEBUG	Ignoring file entry whose name is not a valid add-on ID: C:\Users\616181\AppData\Local\Temp\anonymous7144135827008027315webdriver-profile\extensions\webdriver-staging
1510237045334	addons.xpi	DEBUG	Existing add-on fxdriver@googlecode.com in app-profile
1510237045342	addons.xpi	INFO	Mapping activity-stream@mozilla.org to C:\Program Files\Mozilla Firefox\browser\features\activity-stream@mozilla.org.xpi
1510237045343	addons.xpi	INFO	Mapping aushelper@mozilla.org to C:\Program Files\Mozilla Firefox\browser\features\aushelper@mozilla.org.xpi
1510237045343	addons.xpi	INFO	Mapping clicktoplay-rollout@mozilla.org to C:\Program Files\Mozilla Firefox\browser\features\clicktoplay-rollout@mozilla.org.xpi
1510237045343	addons.xpi	INFO	Mapping e10srollout@mozilla.org to C:\Program Files\Mozilla Firefox\browser\features\e10srollout@mozilla.org.xpi
1510237045343	addons.xpi	INFO	Mapping firefox@getpocket.com to C:\Program Files\Mozilla Firefox\browser\features\firefox@getpocket.com.xpi
1510237045344	addons.xpi	INFO	Mapping followonsearch@mozilla.com to C:\Program Files\Mozilla Firefox\browser\features\followonsearch@mozilla.com.xpi
1510237045344	addons.xpi	INFO	Mapping formautofill@mozilla.org to C:\Program Files\Mozilla Firefox\browser\features\formautofill@mozilla.org.xpi
1510237045344	addons.xpi	INFO	Mapping onboarding@mozilla.org to C:\Program Files\Mozilla Firefox\browser\features\onboarding@mozilla.org.xpi
1510237045345	addons.xpi	INFO	Mapping screenshots@mozilla.org to C:\Program Files\Mozilla Firefox\browser\features\screenshots@mozilla.org.xpi
1510237045345	addons.xpi	INFO	Mapping shield-recipe-client@mozilla.org to C:\Program Files\Mozilla Firefox\browser\features\shield-recipe-client@mozilla.org.xpi
1510237045345	addons.xpi	INFO	Mapping webcompat@mozilla.org to C:\Program Files\Mozilla Firefox\browser\features\webcompat@mozilla.org.xpi
1510237045346	addons.xpi	DEBUG	Existing add-on activity-stream@mozilla.org in app-system-defaults
1510237045347	addons.xpi	DEBUG	Existing add-on aushelper@mozilla.org in app-system-defaults
1510237045348	addons.xpi	DEBUG	Existing add-on clicktoplay-rollout@mozilla.org in app-system-defaults
1510237045348	addons.xpi	DEBUG	Existing add-on e10srollout@mozilla.org in app-system-defaults
1510237045349	addons.xpi	DEBUG	Existing add-on firefox@getpocket.com in app-system-defaults
1510237045349	addons.xpi	DEBUG	Existing add-on followonsearch@mozilla.com in app-system-defaults
1510237045350	addons.xpi	DEBUG	Existing add-on formautofill@mozilla.org in app-system-defaults
1510237045350	addons.xpi	DEBUG	Existing add-on onboarding@mozilla.org in app-system-defaults
1510237045351	addons.xpi	DEBUG	Existing add-on screenshots@mozilla.org in app-system-defaults
1510237045351	addons.xpi	DEBUG	Existing add-on shield-recipe-client@mozilla.org in app-system-defaults
1510237045352	addons.xpi	DEBUG	Existing add-on webcompat@mozilla.org in app-system-defaults
1510237045367	addons.xpi	INFO	Mapping {972ce4c6-7e08-4474-a285-3208198ce6fd} to C:\Program Files\Mozilla Firefox\browser\extensions\{972ce4c6-7e08-4474-a285-3208198ce6fd}.xpi
1510237045368	addons.xpi	DEBUG	Existing add-on {972ce4c6-7e08-4474-a285-3208198ce6fd} in app-global
1510237045368	addons.xpi	DEBUG	getInstallState changed: false, state: {}
1510237046706	addons.productaddons	INFO	Completed downloading document
1510237048814	addons.productaddons	INFO	downloadXHR File download. status=200
1510237048823	addons.productaddons	INFO	Downloaded file will be saved to C:\Users\616181\AppData\Local\Temp\tmpaddon
1510237048854	DeferredSave.webext.sc.lz4	DEBUG	Starting write
1510237048879	DeferredSave.webext.sc.lz4	DEBUG	Write succeeded

Build info: version: '2.47.1', revision: 'unknown', time: '2015-07-30 11:02:44'
System info: host: 'PC335187', ip: '10.150.237.244', os.name: 'Windows 10', os.arch: 'amd64', os.version: '10.0', java.version: '1.8.0_141'
Driver info: driver.version: FirefoxDriver
	at org.openqa.selenium.firefox.internal.NewProfileExtensionConnection.start(NewProfileExtensionConnection.java:134)
	at org.openqa.selenium.firefox.FirefoxDriver.startClient(FirefoxDriver.java:276)
	at org.openqa.selenium.remote.RemoteWebDriver.<init>(RemoteWebDriver.java:116)
	at org.openqa.selenium.firefox.FirefoxDriver.<init>(FirefoxDriver.java:221)
	at org.openqa.selenium.firefox.FirefoxDriver.<init>(FirefoxDriver.java:216)
	at org.openqa.selenium.firefox.FirefoxDriver.<init>(FirefoxDriver.java:212)
	at org.openqa.selenium.firefox.FirefoxDriver.<init>(FirefoxDriver.java:125)
	at automationFramework.MultiBrowser.beforeTest(MultiBrowser.java:35)
	at java.util.concurrent.ThreadPoolExecutor.runWorker(Unknown Source)
	at java.util.concurrent.ThreadPoolExecutor$Worker.run(Unknown Source)
	at java.lang.Thread.run(Unknown Source)
Caused by: org.openqa.selenium.firefox.NotConnectedException: Unable to connect to host 127.0.0.1 on port 7055 after 45000 ms. Firefox console output:
ovider: <unnamed-provider>
1510237045329	addons.manager	DEBUG	Registering shutdown blocker for <unnamed-provider>
1510237045329	addons.manager	DEBUG	Provider finished startup: <unnamed-provider>
1510237045334	addons.xpi	INFO	Mapping fxdriver@googlecode.com to C:\Users\616181\AppData\Local\Temp\anonymous7144135827008027315webdriver-profile\extensions\fxdriver@googlecode.com
1510237045334	addons.xpi	DEBUG	Ignoring file entry whose name is not a valid add-on ID: C:\Users\616181\AppData\Local\Temp\anonymous7144135827008027315webdriver-profile\extensions\webdriver-staging
1510237045334	addons.xpi	DEBUG	Existing add-on fxdriver@googlecode.com in app-profile
1510237045342	addons.xpi	INFO	Mapping activity-stream@mozilla.org to C:\Program Files\Mozilla Firefox\browser\features\activity-stream@mozilla.org.xpi
1510237045343	addons.xpi	INFO	Mapping aushelper@mozilla.org to C:\Program Files\Mozilla Firefox\browser\features\aushelper@mozilla.org.xpi
1510237045343	addons.xpi	INFO	Mapping clicktoplay-rollout@mozilla.org to C:\Program Files\Mozilla Firefox\browser\features\clicktoplay-rollout@mozilla.org.xpi
1510237045343	addons.xpi	INFO	Mapping e10srollout@mozilla.org to C:\Program Files\Mozilla Firefox\browser\features\e10srollout@mozilla.org.xpi
1510237045343	addons.xpi	INFO	Mapping firefox@getpocket.com to C:\Program Files\Mozilla Firefox\browser\features\firefox@getpocket.com.xpi
1510237045344	addons.xpi	INFO	Mapping followonsearch@mozilla.com to C:\Program Files\Mozilla Firefox\browser\features\followonsearch@mozilla.com.xpi
1510237045344	addons.xpi	INFO	Mapping formautofill@mozilla.org to C:\Program Files\Mozilla Firefox\browser\features\formautofill@mozilla.org.xpi
1510237045344	addons.xpi	INFO	Mapping onboarding@mozilla.org to C:\Program Files\Mozilla Firefox\browser\features\onboarding@mozilla.org.xpi
1510237045345	addons.xpi	INFO	Mapping screenshots@mozilla.org to C:\Program Files\Mozilla Firefox\browser\features\screenshots@mozilla.org.xpi
1510237045345	addons.xpi	INFO	Mapping shield-recipe-client@mozilla.org to C:\Program Files\Mozilla Firefox\browser\features\shield-recipe-client@mozilla.org.xpi
1510237045345	addons.xpi	INFO	Mapping webcompat@mozilla.org to C:\Program Files\Mozilla Firefox\browser\features\webcompat@mozilla.org.xpi
1510237045346	addons.xpi	DEBUG	Existing add-on activity-stream@mozilla.org in app-system-defaults
1510237045347	addons.xpi	DEBUG	Existing add-on aushelper@mozilla.org in app-system-defaults
1510237045348	addons.xpi	DEBUG	Existing add-on clicktoplay-rollout@mozilla.org in app-system-defaults
1510237045348	addons.xpi	DEBUG	Existing add-on e10srollout@mozilla.org in app-system-defaults
1510237045349	addons.xpi	DEBUG	Existing add-on firefox@getpocket.com in app-system-defaults
1510237045349	addons.xpi	DEBUG	Existing add-on followonsearch@mozilla.com in app-system-defaults
1510237045350	addons.xpi	DEBUG	Existing add-on formautofill@mozilla.org in app-system-defaults
1510237045350	addons.xpi	DEBUG	Existing add-on onboarding@mozilla.org in app-system-defaults
1510237045351	addons.xpi	DEBUG	Existing add-on screenshots@mozilla.org in app-system-defaults
1510237045351	addons.xpi	DEBUG	Existing add-on shield-recipe-client@mozilla.org in app-system-defaults
1510237045352	addons.xpi	DEBUG	Existing add-on webcompat@mozilla.org in app-system-defaults
1510237045367	addons.xpi	INFO	Mapping {972ce4c6-7e08-4474-a285-3208198ce6fd} to C:\Program Files\Mozilla Firefox\browser\extensions\{972ce4c6-7e08-4474-a285-3208198ce6fd}.xpi
1510237045368	addons.xpi	DEBUG	Existing add-on {972ce4c6-7e08-4474-a285-3208198ce6fd} in app-global
1510237045368	addons.xpi	DEBUG	getInstallState changed: false, state: {}
1510237046706	addons.productaddons	INFO	Completed downloading document
1510237048814	addons.productaddons	INFO	downloadXHR File download. status=200
1510237048823	addons.productaddons	INFO	Downloaded file will be saved to C:\Users\616181\AppData\Local\Temp\tmpaddon
1510237048854	DeferredSave.webext.sc.lz4	DEBUG	Starting write
1510237048879	DeferredSave.webext.sc.lz4	DEBUG	Write succeeded

	at org.openqa.selenium.firefox.internal.NewProfileExtensionConnection.start(NewProfileExtensionConnection.java:122)
	... 27 more
... Removed 17 stack frames]]>
    </failure>
  </testcase>
  <testcase name="@AfterClass afterTest" time="0.0" classname="automationFramework.MultiBrowser">
    <skipped/>
  </testcase>
  <testcase name="login" time="0.001" classname="automationFramework.MultiBrowser">
    <skipped/>
  </testcase>
</testsuite>
