<?xml version="1.0" encoding="UTF-8"?>
<testng-results skipped="0" failed="0" total="2" passed="2">
  <reporter-output>
    <line>
      <![CDATA[<div "featureFile">Feature File: src&#x2F;test&#x2F;resources&#x2F;SearchAmazonProducts.feature</div>]]>
    </line>
    <line>
      <![CDATA[<div "feature">Feature: Search mi note 4 mobile in amazon.es and add to whishlist</div>]]>
    </line>
    <line>
      <![CDATA[<div "scenarioOutline">Scenario Outline: Search products in amazon es and add to whishlist</div>]]>
    </line>
    <line>
      <![CDATA[<div "result">When  I enter amazon url (passed : 5s)</div>]]>
    </line>
    <line>
      <![CDATA[<div "scenario">Scenario Outline: Search products in amazon es and add to whishlist</div>]]>
    </line>
    <line>
      <![CDATA[<div "result">Then  I went to amazon home page (passed : 9s)</div>]]>
    </line>
    <line>
      <![CDATA[<div "result">When  Enter valid product name in the search area &lt;product&gt; (passed : 0s)</div>]]>
    </line>
    <line>
      <![CDATA[<div "result">Then  Click on search button (passed : 4s)</div>]]>
    </line>
    <line>
      <![CDATA[<div "result">Then  Sort products from low to high (passed : 5s)</div>]]>
    </line>
    <line>
      <![CDATA[<div "result">Then  Select product (passed : 3s)</div>]]>
    </line>
    <line>
      <![CDATA[<div "result">Then  Click Add to wish list (passed : 6s)</div>]]>
    </line>
    <line>
      <![CDATA[<div "result">Given  I&#x27;ve a valid set of products to access amzon.es search page (passed : 5s)</div>]]>
    </line>
  </reporter-output>
  <suite name="Suite" duration-ms="41036" started-at="2017-11-02T18:24:40Z" finished-at="2017-11-02T18:25:21Z">
    <groups>
      <group name="cucumber">
        <method signature="cucumber.api.testng.AbstractTestNGCucumberTests.run_cukes()" name="run_cukes" class="cucumber.api.testng.AbstractTestNGCucumberTests"/>
      </group>
    </groups>
    <test name="Test" duration-ms="41036" started-at="2017-11-02T18:24:40Z" finished-at="2017-11-02T18:25:21Z">
      <class name="com.cucumber.example.MavenTestClass">
        <test-method status="PASS" signature="launchChromeBrowser()" name="launchChromeBrowser" duration-ms="11902" started-at="2017-11-02T18:24:40Z" finished-at="2017-11-02T18:24:52Z">
        </test-method>
      </class>
      <class name="com.cucumber.runner.ChromeRunner">
        <test-method status="PASS" signature="run_cukes()" name="run_cukes" duration-ms="41024" started-at="2017-11-02T18:24:40Z" description="Runs Cucumber Features" finished-at="2017-11-02T18:25:21Z">
        </test-method>
      </class>
    </test>
  </suite>
</testng-results>
